# JRE version: OpenJDK Runtime Environment (12.0.1+12) (build 12.0.1+12)
# Java VM: OpenJDK 64-Bit Server VM (12.0.1+12, mixed mode, sharing, tiered, compressed oops, g1 gc, windows-amd64)
Heap:
 garbage-first heap   total 65536K, used 30035K [0x00000000c1600000, 0x0000000100000000)
  region size 1024K, 25 young (25600K), 2 survivors (2048K)
 Metaspace       used 13156K, capacity 13630K, committed 13824K, reserved 1060864K
  class space    used 1622K, capacity 1792K, committed 1792K, reserved 1048576K
GC Heap History (6 events):
Event: 1.533 GC heap before
{Heap before GC invocations=0 (full 0):
 garbage-first heap   total 65536K, used 14336K [0x00000000c1600000, 0x0000000100000000)
  region size 1024K, 14 young (14336K), 0 survivors (0K)
 Metaspace       used 3393K, capacity 5769K, committed 6016K, reserved 1056768K
  class space    used 360K, capacity 586K, committed 640K, reserved 1048576K
}
Event: 1.554 GC heap after
{Heap after GC invocations=1 (full 0):
 garbage-first heap   total 65536K, used 6135K [0x00000000c1600000, 0x0000000100000000)
  region size 1024K, 2 young (2048K), 2 survivors (2048K)
 Metaspace       used 3393K, capacity 5769K, committed 6016K, reserved 1056768K
  class space    used 360K, capacity 586K, committed 640K, reserved 1048576K
}
Event: 2.002 GC heap before
{Heap before GC invocations=1 (full 0):
 garbage-first heap   total 65536K, used 14327K [0x00000000c1600000, 0x0000000100000000)
  region size 1024K, 10 young (10240K), 2 survivors (2048K)
 Metaspace       used 4953K, capacity 6831K, committed 6912K, reserved 1056768K
  class space    used 531K, capacity 729K, committed 768K, reserved 1048576K
}
Event: 2.008 GC heap after
{Heap after GC invocations=2 (full 0):
 garbage-first heap   total 65536K, used 6750K [0x00000000c1600000, 0x0000000100000000)
  region size 1024K, 1 young (1024K), 1 survivors (1024K)
 Metaspace       used 4953K, capacity 6831K, committed 6912K, reserved 1056768K
  class space    used 531K, capacity 729K, committed 768K, reserved 1048576K
}
Event: 3.195 GC heap before
{Heap before GC invocations=2 (full 0):
 garbage-first heap   total 65536K, used 28254K [0x00000000c1600000, 0x0000000100000000)
  region size 1024K, 22 young (22528K), 1 survivors (1024K)
 Metaspace       used 7940K, capacity 9294K, committed 9600K, reserved 1058816K
  class space    used 936K, capacity 1082K, committed 1152K, reserved 1048576K
}
Event: 3.201 GC heap after
{Heap after GC invocations=3 (full 0):
 garbage-first heap   total 65536K, used 7507K [0x00000000c1600000, 0x0000000100000000)
  region size 1024K, 2 young (2048K), 2 survivors (2048K)
 Metaspace       used 7940K, capacity 9294K, committed 9600K, reserved 1058816K
  class space    used 936K, capacity 1082K, committed 1152K, reserved 1048576K
}

