# JRE version: OpenJDK Runtime Environment (12.0.1+12) (build 12.0.1+12)
# Java VM: OpenJDK 64-Bit Server VM (12.0.1+12, mixed mode, sharing, tiered, compressed oops, g1 gc, windows-amd64)
Heap:
 garbage-first heap   total 51200K, used 23805K [0x00000000c1600000, 0x0000000100000000)
  region size 1024K, 14 young (14336K), 4 survivors (4096K)
 Metaspace       used 26955K, capacity 27784K, committed 27952K, reserved 1073152K
  class space    used 3381K, capacity 3702K, committed 3712K, reserved 1048576K
GC Heap History (10 events):
Event: 4.549 GC heap before
{Heap before GC invocations=4 (full 0):
 garbage-first heap   total 65536K, used 35518K [0x00000000c1600000, 0x0000000100000000)
  region size 1024K, 29 young (29696K), 2 survivors (2048K)
 Metaspace       used 15888K, capacity 16403K, committed 16512K, reserved 1062912K
  class space    used 1970K, capacity 2163K, committed 2176K, reserved 1048576K
}
Event: 4.558 GC heap after
{Heap after GC invocations=5 (full 0):
 garbage-first heap   total 65536K, used 10240K [0x00000000c1600000, 0x0000000100000000)
  region size 1024K, 3 young (3072K), 3 survivors (3072K)
 Metaspace       used 15888K, capacity 16403K, committed 16512K, reserved 1062912K
  class space    used 1970K, capacity 2163K, committed 2176K, reserved 1048576K
}
Event: 4.673 GC heap before
{Heap before GC invocations=5 (full 0):
 garbage-first heap   total 65536K, used 37888K [0x00000000c1600000, 0x0000000100000000)
  region size 1024K, 31 young (31744K), 3 survivors (3072K)
 Metaspace       used 16018K, capacity 16540K, committed 16768K, reserved 1064960K
  class space    used 1979K, capacity 2165K, committed 2176K, reserved 1048576K
}
Event: 4.684 GC heap after
{Heap after GC invocations=6 (full 0):
 garbage-first heap   total 78848K, used 10536K [0x00000000c1600000, 0x0000000100000000)
  region size 1024K, 2 young (2048K), 2 survivors (2048K)
 Metaspace       used 16018K, capacity 16540K, committed 16768K, reserved 1064960K
  class space    used 1979K, capacity 2165K, committed 2176K, reserved 1048576K
}
Event: 5.695 GC heap before
{Heap before GC invocations=6 (full 0):
 garbage-first heap   total 78848K, used 43304K [0x00000000c1600000, 0x0000000100000000)
  region size 1024K, 35 young (35840K), 2 survivors (2048K)
 Metaspace       used 18776K, capacity 19441K, committed 19584K, reserved 1067008K
  class space    used 2344K, capacity 2616K, committed 2688K, reserved 1048576K
}
Event: 5.704 GC heap after
{Heap after GC invocations=7 (full 0):
 garbage-first heap   total 78848K, used 11585K [0x00000000c1600000, 0x0000000100000000)
  region size 1024K, 3 young (3072K), 3 survivors (3072K)
 Metaspace       used 18776K, capacity 19441K, committed 19584K, reserved 1067008K
  class space    used 2344K, capacity 2616K, committed 2688K, reserved 1048576K
}
Event: 6.399 GC heap before
{Heap before GC invocations=7 (full 0):
 garbage-first heap   total 78848K, used 31041K [0x00000000c1600000, 0x0000000100000000)
  region size 1024K, 23 young (23552K), 3 survivors (3072K)
 Metaspace       used 20429K, capacity 21109K, committed 21296K, reserved 1067008K
  class space    used 2549K, capacity 2825K, committed 2944K, reserved 1048576K
}
Event: 6.415 GC heap after
{Heap after GC invocations=8 (full 0):
 garbage-first heap   total 78848K, used 13078K [0x00000000c1600000, 0x0000000100000000)
  region size 1024K, 5 young (5120K), 5 survivors (5120K)
 Metaspace       used 20429K, capacity 21109K, committed 21296K, reserved 1067008K
  class space    used 2549K, capacity 2825K, committed 2944K, reserved 1048576K
}
Event: 7.683 GC heap before
{Heap before GC invocations=9 (full 0):
 garbage-first heap   total 51200K, used 38678K [0x00000000c1600000, 0x0000000100000000)
  region size 1024K, 30 young (30720K), 5 survivors (5120K)
 Metaspace       used 24975K, capacity 25788K, committed 26160K, reserved 1073152K
  class space    used 3035K, capacity 3337K, committed 3456K, reserved 1048576K
}
Event: 7.704 GC heap after
{Heap after GC invocations=10 (full 0):
 garbage-first heap   total 51200K, used 15613K [0x00000000c1600000, 0x0000000100000000)
  region size 1024K, 4 young (4096K), 4 survivors (4096K)
 Metaspace       used 24975K, capacity 25788K, committed 26160K, reserved 1073152K
  class space    used 3035K, capacity 3337K, committed 3456K, reserved 1048576K
}

