# JRE version: OpenJDK Runtime Environment (12.0.1+12) (build 12.0.1+12)
# Java VM: OpenJDK 64-Bit Server VM (12.0.1+12, mixed mode, sharing, tiered, compressed oops, g1 gc, windows-amd64)
Heap:
 garbage-first heap   total 65536K, used 21587K [0x00000000c1600000, 0x0000000100000000)
  region size 1024K, 14 young (14336K), 3 survivors (3072K)
 Metaspace       used 19423K, capacity 20094K, committed 20224K, reserved 1067008K
  class space    used 2422K, capacity 2700K, committed 2816K, reserved 1048576K
GC Heap History (10 events):
Event: 4.074 GC heap before
{Heap before GC invocations=2 (full 0):
 garbage-first heap   total 65536K, used 26503K [0x00000000c1600000, 0x0000000100000000)
  region size 1024K, 21 young (21504K), 1 survivors (1024K)
 Metaspace       used 9249K, capacity 9594K, committed 9728K, reserved 1058816K
  class space    used 1062K, capacity 1166K, committed 1280K, reserved 1048576K
}
Event: 4.082 GC heap after
{Heap after GC invocations=3 (full 0):
 garbage-first heap   total 65536K, used 7992K [0x00000000c1600000, 0x0000000100000000)
  region size 1024K, 2 young (2048K), 2 survivors (2048K)
 Metaspace       used 9249K, capacity 9594K, committed 9728K, reserved 1058816K
  class space    used 1062K, capacity 1166K, committed 1280K, reserved 1048576K
}
Event: 5.448 GC heap before
{Heap before GC invocations=3 (full 0):
 garbage-first heap   total 65536K, used 30520K [0x00000000c1600000, 0x0000000100000000)
  region size 1024K, 24 young (24576K), 2 survivors (2048K)
 Metaspace       used 12752K, capacity 13222K, committed 13312K, reserved 1060864K
  class space    used 1570K, capacity 1739K, committed 1792K, reserved 1048576K
}
Event: 5.458 GC heap after
{Heap after GC invocations=4 (full 0):
 garbage-first heap   total 65536K, used 8971K [0x00000000c1600000, 0x0000000100000000)
  region size 1024K, 2 young (2048K), 2 survivors (2048K)
 Metaspace       used 12752K, capacity 13222K, committed 13312K, reserved 1060864K
  class space    used 1570K, capacity 1739K, committed 1792K, reserved 1048576K
}
Event: 6.585 GC heap before
{Heap before GC invocations=4 (full 0):
 garbage-first heap   total 65536K, used 33547K [0x00000000c1600000, 0x0000000100000000)
  region size 1024K, 26 young (26624K), 2 survivors (2048K)
 Metaspace       used 15859K, capacity 16411K, committed 16512K, reserved 1062912K
  class space    used 1968K, capacity 2163K, committed 2176K, reserved 1048576K
}
Event: 6.601 GC heap after
{Heap after GC invocations=5 (full 0):
 garbage-first heap   total 65536K, used 10201K [0x00000000c1600000, 0x0000000100000000)
  region size 1024K, 4 young (4096K), 4 survivors (4096K)
 Metaspace       used 15859K, capacity 16411K, committed 16512K, reserved 1062912K
  class space    used 1968K, capacity 2163K, committed 2176K, reserved 1048576K
}
Event: 6.878 GC heap before
{Heap before GC invocations=5 (full 0):
 garbage-first heap   total 65536K, used 35801K [0x00000000c1600000, 0x0000000100000000)
  region size 1024K, 30 young (30720K), 4 survivors (4096K)
 Metaspace       used 16024K, capacity 16548K, committed 16768K, reserved 1064960K
  class space    used 1979K, capacity 2165K, committed 2176K, reserved 1048576K
}
Event: 6.891 GC heap after
{Heap after GC invocations=6 (full 0):
 garbage-first heap   total 65536K, used 10610K [0x00000000c1600000, 0x0000000100000000)
  region size 1024K, 2 young (2048K), 2 survivors (2048K)
 Metaspace       used 16024K, capacity 16548K, committed 16768K, reserved 1064960K
  class space    used 1979K, capacity 2165K, committed 2176K, reserved 1048576K
}
Event: 8.042 GC heap before
{Heap before GC invocations=6 (full 0):
 garbage-first heap   total 65536K, used 42354K [0x00000000c1600000, 0x0000000100000000)
  region size 1024K, 34 young (34816K), 2 survivors (2048K)
 Metaspace       used 18355K, capacity 19025K, committed 19328K, reserved 1067008K
  class space    used 2298K, capacity 2581K, committed 2688K, reserved 1048576K
}
Event: 8.052 GC heap after
{Heap after GC invocations=7 (full 0):
 garbage-first heap   total 65536K, used 11347K [0x00000000c1600000, 0x0000000100000000)
  region size 1024K, 3 young (3072K), 3 survivors (3072K)
 Metaspace       used 18355K, capacity 19025K, committed 19328K, reserved 1067008K
  class space    used 2298K, capacity 2581K, committed 2688K, reserved 1048576K
}

