# JRE version: OpenJDK Runtime Environment (12.0.1+12) (build 12.0.1+12)
# Java VM: OpenJDK 64-Bit Server VM (12.0.1+12, mixed mode, sharing, tiered, compressed oops, g1 gc, windows-amd64)
Heap:
 garbage-first heap   total 78848K, used 13284K [0x00000000c1600000, 0x0000000100000000)
  region size 1024K, 4 young (4096K), 4 survivors (4096K)
 Metaspace       used 20443K, capacity 21113K, committed 21296K, reserved 1067008K
  class space    used 2551K, capacity 2825K, committed 2944K, reserved 1048576K
GC Heap History (10 events):
Event: 3.376 GC heap after
{Heap after GC invocations=3 (full 0):
 garbage-first heap   total 65536K, used 7979K [0x00000000c1600000, 0x0000000100000000)
  region size 1024K, 2 young (2048K), 2 survivors (2048K)
 Metaspace       used 9246K, capacity 9590K, committed 9728K, reserved 1058816K
  class space    used 1063K, capacity 1166K, committed 1280K, reserved 1048576K
}
Event: 4.853 GC heap before
{Heap before GC invocations=3 (full 0):
 garbage-first heap   total 65536K, used 32555K [0x00000000c1600000, 0x0000000100000000)
  region size 1024K, 26 young (26624K), 2 survivors (2048K)
 Metaspace       used 13213K, capacity 13730K, committed 13952K, reserved 1060864K
  class space    used 1626K, capacity 1803K, committed 1920K, reserved 1048576K
}
Event: 4.863 GC heap after
{Heap after GC invocations=4 (full 0):
 garbage-first heap   total 65536K, used 8878K [0x00000000c1600000, 0x0000000100000000)
  region size 1024K, 3 young (3072K), 3 survivors (3072K)
 Metaspace       used 13213K, capacity 13730K, committed 13952K, reserved 1060864K
  class space    used 1626K, capacity 1803K, committed 1920K, reserved 1048576K
}
Event: 5.936 GC heap before
{Heap before GC invocations=4 (full 0):
 garbage-first heap   total 65536K, used 34478K [0x00000000c1600000, 0x0000000100000000)
  region size 1024K, 29 young (29696K), 3 survivors (3072K)
 Metaspace       used 16019K, capacity 16544K, committed 16768K, reserved 1064960K
  class space    used 1981K, capacity 2165K, committed 2176K, reserved 1048576K
}
Event: 5.950 GC heap after
{Heap after GC invocations=5 (full 0):
 garbage-first heap   total 65536K, used 10121K [0x00000000c1600000, 0x0000000100000000)
  region size 1024K, 4 young (4096K), 4 survivors (4096K)
 Metaspace       used 16019K, capacity 16544K, committed 16768K, reserved 1064960K
  class space    used 1981K, capacity 2165K, committed 2176K, reserved 1048576K
}
Event: 5.967 GC heap before
{Heap before GC invocations=5 (full 0):
 garbage-first heap   total 65536K, used 38793K [0x00000000c1600000, 0x0000000100000000)
  region size 1024K, 33 young (33792K), 4 survivors (4096K)
 Metaspace       used 16020K, capacity 16544K, committed 16768K, reserved 1064960K
  class space    used 1981K, capacity 2165K, committed 2176K, reserved 1048576K
}
Event: 5.978 GC heap after
{Heap after GC invocations=6 (full 0):
 garbage-first heap   total 65536K, used 10544K [0x00000000c1600000, 0x0000000100000000)
  region size 1024K, 3 young (3072K), 3 survivors (3072K)
 Metaspace       used 16020K, capacity 16544K, committed 16768K, reserved 1064960K
  class space    used 1981K, capacity 2165K, committed 2176K, reserved 1048576K
}
Event: 7.715 GC heap before
{Heap before GC invocations=6 (full 0):
 garbage-first heap   total 65536K, used 42288K [0x00000000c1600000, 0x0000000100000000)
  region size 1024K, 35 young (35840K), 3 survivors (3072K)
 Metaspace       used 19082K, capacity 19757K, committed 19840K, reserved 1067008K
  class space    used 2375K, capacity 2653K, committed 2688K, reserved 1048576K
}
Event: 7.728 GC heap after
{Heap after GC invocations=7 (full 0):
 garbage-first heap   total 65536K, used 11464K [0x00000000c1600000, 0x0000000100000000)
  region size 1024K, 4 young (4096K), 4 survivors (4096K)
 Metaspace       used 19082K, capacity 19757K, committed 19840K, reserved 1067008K
  class space    used 2375K, capacity 2653K, committed 2688K, reserved 1048576K
}
Event: 8.726 GC heap before
{Heap before GC invocations=7 (full 0):
 garbage-first heap   total 65536K, used 27848K [0x00000000c1600000, 0x0000000100000000)
  region size 1024K, 21 young (21504K), 4 survivors (4096K)
 Metaspace       used 20443K, capacity 21113K, committed 21296K, reserved 1067008K
  class space    used 2551K, capacity 2825K, committed 2944K, reserved 1048576K
}

