# JRE version: OpenJDK Runtime Environment (12.0.1+12) (build 12.0.1+12)
# Java VM: OpenJDK 64-Bit Server VM (12.0.1+12, mixed mode, sharing, tiered, compressed oops, g1 gc, windows-amd64)
Heap:
 garbage-first heap   total 45056K, used 24491K [0x00000000c1600000, 0x0000000100000000)
  region size 1024K, 12 young (12288K), 2 survivors (2048K)
 Metaspace       used 26959K, capacity 27786K, committed 28032K, reserved 1073152K
  class space    used 3383K, capacity 3696K, committed 3712K, reserved 1048576K
GC Heap History (10 events):
Event: 12.438 GC heap before
{Heap before GC invocations=8 (full 0):
 garbage-first heap   total 45056K, used 29977K [0x00000000c1600000, 0x0000000100000000)
  region size 1024K, 21 young (21504K), 4 survivors (4096K)
 Metaspace       used 24080K, capacity 24726K, committed 25088K, reserved 1071104K
  class space    used 2986K, capacity 3207K, committed 3328K, reserved 1048576K
}
Event: 12.452 GC heap after
{Heap after GC invocations=9 (full 0):
 garbage-first heap   total 45056K, used 13400K [0x00000000c1600000, 0x0000000100000000)
  region size 1024K, 1 young (1024K), 1 survivors (1024K)
 Metaspace       used 24080K, capacity 24726K, committed 25088K, reserved 1071104K
  class space    used 2986K, capacity 3207K, committed 3328K, reserved 1048576K
}
Event: 13.623 GC heap before
{Heap before GC invocations=9 (full 0):
 garbage-first heap   total 45056K, used 31832K [0x00000000c1600000, 0x0000000100000000)
  region size 1024K, 19 young (19456K), 1 survivors (1024K)
 Metaspace       used 25273K, capacity 26022K, committed 26368K, reserved 1073152K
  class space    used 3151K, capacity 3457K, committed 3584K, reserved 1048576K
}
Event: 13.627 GC heap after
{Heap after GC invocations=10 (full 0):
 garbage-first heap   total 45056K, used 14074K [0x00000000c1600000, 0x0000000100000000)
  region size 1024K, 2 young (2048K), 2 survivors (2048K)
 Metaspace       used 25273K, capacity 26022K, committed 26368K, reserved 1073152K
  class space    used 3151K, capacity 3457K, committed 3584K, reserved 1048576K
}
Event: 15.167 GC heap before
{Heap before GC invocations=10 (full 0):
 garbage-first heap   total 45056K, used 30458K [0x00000000c1600000, 0x0000000100000000)
  region size 1024K, 19 young (19456K), 2 survivors (2048K)
 Metaspace       used 26188K, capacity 26949K, committed 27136K, reserved 1073152K
  class space    used 3276K, capacity 3571K, committed 3584K, reserved 1048576K
}
Event: 15.174 GC heap after
{Heap after GC invocations=11 (full 0):
 garbage-first heap   total 45056K, used 14971K [0x00000000c1600000, 0x0000000100000000)
  region size 1024K, 2 young (2048K), 2 survivors (2048K)
 Metaspace       used 26188K, capacity 26949K, committed 27136K, reserved 1073152K
  class space    used 3276K, capacity 3571K, committed 3584K, reserved 1048576K
}
Event: 15.181 GC heap before
{Heap before GC invocations=11 (full 0):
 garbage-first heap   total 45056K, used 31355K [0x00000000c1600000, 0x0000000100000000)
  region size 1024K, 19 young (19456K), 2 survivors (2048K)
 Metaspace       used 26188K, capacity 26949K, committed 27136K, reserved 1073152K
  class space    used 3276K, capacity 3571K, committed 3584K, reserved 1048576K
}
Event: 15.188 GC heap after
{Heap after GC invocations=12 (full 0):
 garbage-first heap   total 45056K, used 15042K [0x00000000c1600000, 0x0000000100000000)
  region size 1024K, 1 young (1024K), 1 survivors (1024K)
 Metaspace       used 26188K, capacity 26949K, committed 27136K, reserved 1073152K
  class space    used 3276K, capacity 3571K, committed 3584K, reserved 1048576K
}
Event: 15.392 GC heap before
{Heap before GC invocations=12 (full 0):
 garbage-first heap   total 45056K, used 31426K [0x00000000c1600000, 0x0000000100000000)
  region size 1024K, 18 young (18432K), 1 survivors (1024K)
 Metaspace       used 26302K, capacity 27112K, committed 27264K, reserved 1073152K
  class space    used 3289K, capacity 3604K, committed 3712K, reserved 1048576K
}
Event: 15.397 GC heap after
{Heap after GC invocations=13 (full 0):
 garbage-first heap   total 45056K, used 15275K [0x00000000c1600000, 0x0000000100000000)
  region size 1024K, 2 young (2048K), 2 survivors (2048K)
 Metaspace       used 26302K, capacity 27112K, committed 27264K, reserved 1073152K
  class space    used 3289K, capacity 3604K, committed 3712K, reserved 1048576K
}

